Build started 10-Dec-15 09:21:21.
     1>Project "C:\Users\Huzky\Documents\Qt Projects\Pauzer\Pauzer.vcxproj" on node 2 (Build target(s)).
     1>ClCompile:
         C:\Program Files (x86)\Microsoft Visual Studio 11.0\VC\bin\CL.exe /c /I. /IC:\bass24\c /I\ /IC:\basswasapi24\c /IC:\Qt\5.5\msvc2012\include /IC:\Qt\5.5\msvc2012\include\QtWidgets /IC:\Qt\5.5\msvc2012\include\QtGui /IC:\Qt\5.5\msvc2012\include\QtANGLE /IC:\Qt\5.5\msvc2012\include\QtCore /Idebug /I. /I"C:\Qt\5.5\msvc2012\mkspecs\win32-msvc2012" /I.\GeneratedFiles /Zi /nologo /W3 /WX- /Od /Oy- /D _WINDOWS /D UNICODE /D WIN32 /D QT_WIDGETS_LIB /D QT_GUI_LIB /D QT_CORE_LIB /Gm- /EHsc /MDd /GS /fp:precise /Zc:wchar_t /Zc:forScope /GR /Yu"stable.h" /Fp"Win32\Debug\\Pauzer.pch" /Fo"Win32\Debug\\" /Fd"Win32\Debug\vc110.pdb" /Gd /TP /FIstable.h /analyze- /errorReport:prompt -w34100 -w34189 -w44996 minipauzer.cpp
         minipauzer.cpp
       Link:
         C:\Program Files (x86)\Microsoft Visual Studio 11.0\VC\bin\link.exe /ERRORREPORT:PROMPT /OUT:"debug\\Pauzer.exe" /NOLOGO /LIBPATH:C:\Qt\5.5\msvc2012\lib /LIBPATH:C:/qt/5.5/msvc2012/lib /LIBPATH:C:\Qt\5.5\msvc2012\lib /LIBPATH:C:\bass24\c /LIBPATH:C:\basswasapi24\c C:\Qt\5.5\msvc2012\lib\qtmaind.lib shell32.lib C:/qt/5.5/msvc2012/lib\Qt5Cored.lib C:\bass24\c\bass.lib C:\basswasapi24\c\basswasapi.lib C:\Qt\5.5\msvc2012\lib\Qt5Widgetsd.lib C:\Qt\5.5\msvc2012\lib\Qt5Guid.lib C:\Qt\5.5\msvc2012\lib\Qt5Cored.lib kernel32.lib user32.lib gdi32.lib winspool.lib comdlg32.lib advapi32.lib shell32.lib ole32.lib oleaut32.lib uuid.lib odbc32.lib odbccp32.lib /MANIFEST /MANIFESTUAC:"level='asInvoker' uiAccess='false'" /manifest:embed /DEBUG /PDB:"debug\Pauzer.pdb" /SUBSYSTEM:WINDOWS /TLBID:1 /DYNAMICBASE /NXCOMPAT /MACHINE:X86 /SAFESEH "/MANIFESTDEPENDENCY:type='win32' name='Microsoft.Windows.Common-Controls' version='6.0.0.0' publicKeyToken='6595b64144ccf1df' language='*' processorArchitecture='*'" Win32\Debug\autodetector.obj
         Win32\Debug\checkablefilesystemmodel.obj
         Win32\Debug\moc_autodetector.obj
         Win32\Debug\moc_checkablefilesystemmodel.obj
         Win32\Debug\moc_folderdialog.obj
         Win32\Debug\moc_minipauzer.obj
         Win32\Debug\moc_player.obj
         Win32\Debug\moc_sliderbar.obj
         Win32\Debug\folderdialog.obj
         Win32\Debug\main.obj
         Win32\Debug\manager.obj
         Win32\Debug\minipauzer.obj
         Win32\Debug\player.obj
         Win32\Debug\sliderbar.obj
         Win32\Debug\stable.h.obj
         Pauzer.vcxproj -> C:\Users\Huzky\Documents\Qt Projects\Pauzer\debug\Pauzer.exe
     1>Done Building Project "C:\Users\Huzky\Documents\Qt Projects\Pauzer\Pauzer.vcxproj" (Build target(s)).

Build succeeded.

Time Elapsed 00:00:01.24
