Build started 10-Dec-15 08:34:02.
     1>Project "C:\Users\Huzky\Documents\Qt Projects\Pauzer\Pauzer.vcxproj" on node 2 (Build target(s)).
     1>CustomBuild:
         Moc'ing minipauzer.h...
       ClCompile:
         C:\Program Files (x86)\Microsoft Visual Studio 11.0\VC\bin\CL.exe /c /I. /IC:\bass24\c /I\ /IC:\basswasapi24\c /IC:\Qt\5.5\msvc2012\include /IC:\Qt\5.5\msvc2012\include\QtWidgets /IC:\Qt\5.5\msvc2012\include\QtGui /IC:\Qt\5.5\msvc2012\include\QtANGLE /IC:\Qt\5.5\msvc2012\include\QtCore /Irelease /I. /I"C:\Qt\5.5\msvc2012\mkspecs\win32-msvc2012" /I.\GeneratedFiles /nologo /W3 /WX- /O2 /Oy- /D _WINDOWS /D UNICODE /D WIN32 /D QT_NO_DEBUG /D QT_WIDGETS_LIB /D QT_GUI_LIB /D QT_CORE_LIB /D NDEBUG /Gm- /EHsc /MD /GS /fp:precise /Zc:wchar_t /Zc:forScope /GR /Yc"stable.h" /Fp"Win32\Release\\Pauzer.pch" /Fo"Win32\Release\\" /Fd"Win32\Release\vc110.pdb" /Gd /TP /analyze- /errorReport:prompt -w34100 -w34189 -w44996 stable.h.cpp
         stable.h.cpp
         C:\Program Files (x86)\Microsoft Visual Studio 11.0\VC\bin\CL.exe /c /I. /IC:\bass24\c /I\ /IC:\basswasapi24\c /IC:\Qt\5.5\msvc2012\include /IC:\Qt\5.5\msvc2012\include\QtWidgets /IC:\Qt\5.5\msvc2012\include\QtGui /IC:\Qt\5.5\msvc2012\include\QtANGLE /IC:\Qt\5.5\msvc2012\include\QtCore /Irelease /I. /I"C:\Qt\5.5\msvc2012\mkspecs\win32-msvc2012" /I.\GeneratedFiles /nologo /W3 /WX- /O2 /Oy- /D _WINDOWS /D UNICODE /D WIN32 /D QT_NO_DEBUG /D QT_WIDGETS_LIB /D QT_GUI_LIB /D QT_CORE_LIB /D NDEBUG /Gm- /EHsc /MD /GS /fp:precise /Zc:wchar_t /Zc:forScope /GR /Yu"stable.h" /Fp"Win32\Release\\Pauzer.pch" /Fo"Win32\Release\\" /Fd"Win32\Release\vc110.pdb" /Gd /TP /FIstable.h /analyze- /errorReport:prompt -w34100 -w34189 -w44996 autodetector.cpp checkablefilesystemmodel.cpp folderdialog.cpp main.cpp manager.cpp minipauzer.cpp player.cpp Release\moc_autodetector.cpp Release\moc_checkablefilesystemmodel.cpp Release\moc_folderdialog.cpp Release\moc_minipauzer.cpp Release\moc_player.cpp Release\moc_sliderbar.cpp sliderbar.cpp
         autodetector.cpp
         checkablefilesystemmodel.cpp
         folderdialog.cpp
         main.cpp
         manager.cpp
         minipauzer.cpp
         player.cpp
     1>player.cpp(22): warning C4100: 'songNum' : unreferenced formal parameter
     1>player.cpp(28): warning C4101: 'sample' : unreferenced local variable
     1>player.cpp(26): warning C4189: 'device' : local variable is initialized but not referenced
     1>player.cpp(38): warning C4100: 'user' : unreferenced formal parameter
     1>player.cpp(38): warning C4100: 'data' : unreferenced formal parameter
     1>player.cpp(38): warning C4100: 'handle' : unreferenced formal parameter
         moc_autodetector.cpp
         moc_checkablefilesystemmodel.cpp
         moc_folderdialog.cpp
         moc_minipauzer.cpp
         moc_player.cpp
         moc_sliderbar.cpp
         sliderbar.cpp
         Generating Code...
       Link:
         C:\Program Files (x86)\Microsoft Visual Studio 11.0\VC\bin\link.exe /ERRORREPORT:PROMPT /OUT:"release\\Pauzer.exe" /INCREMENTAL:NO /NOLOGO /LIBPATH:C:\Qt\5.5\msvc2012\lib /LIBPATH:C:/qt/5.5/msvc2012/lib /LIBPATH:C:\Qt\5.5\msvc2012\lib /LIBPATH:C:\bass24\c /LIBPATH:C:\basswasapi24\c C:\Qt\5.5\msvc2012\lib\qtmain.lib shell32.lib C:/qt/5.5/msvc2012/lib\Qt5Core.lib C:\bass24\c\bass.lib C:\basswasapi24\c\basswasapi.lib C:\Qt\5.5\msvc2012\lib\Qt5Widgets.lib C:\Qt\5.5\msvc2012\lib\Qt5Gui.lib C:\Qt\5.5\msvc2012\lib\Qt5Core.lib kernel32.lib user32.lib gdi32.lib winspool.lib comdlg32.lib advapi32.lib shell32.lib ole32.lib oleaut32.lib uuid.lib odbc32.lib odbccp32.lib /MANIFEST /MANIFESTUAC:"level='asInvoker' uiAccess='false'" /manifest:embed /PDB:"release\Pauzer.pdb" /SUBSYSTEM:WINDOWS /TLBID:1 /DYNAMICBASE /NXCOMPAT /MACHINE:X86 /SAFESEH "/MANIFESTDEPENDENCY:type='win32' name='Microsoft.Windows.Common-Controls' version='6.0.0.0' publicKeyToken='6595b64144ccf1df' language='*' processorArchitecture='*'" Win32\Release\autodetector.obj
         Win32\Release\checkablefilesystemmodel.obj
         Win32\Release\folderdialog.obj
         Win32\Release\main.obj
         Win32\Release\manager.obj
         Win32\Release\minipauzer.obj
         Win32\Release\player.obj
         Win32\Release\moc_autodetector.obj
         Win32\Release\moc_checkablefilesystemmodel.obj
         Win32\Release\moc_folderdialog.obj
         Win32\Release\moc_minipauzer.obj
         Win32\Release\moc_player.obj
         Win32\Release\moc_sliderbar.obj
         Win32\Release\sliderbar.obj
         Win32\Release\stable.h.obj
         Pauzer.vcxproj -> C:\Users\Huzky\Documents\Qt Projects\Pauzer\release\Pauzer.exe
     1>Done Building Project "C:\Users\Huzky\Documents\Qt Projects\Pauzer\Pauzer.vcxproj" (Build target(s)).

Build succeeded.

Time Elapsed 00:00:06.24
